0 info it worked if it ends with ok
1 verbose cli [ 'C:\\Users\\ki451\\csc360-2017-2-tanyongs\\node.exe',
1 verbose cli   'C:\\Users\\ki451\\csc360-2017-2-tanyongs\\node_modules\\npm\\bin\\npm-cli.js',
1 verbose cli   'run',
1 verbose cli   'server' ]
2 info using npm@3.10.10
3 info using node@v6.9.5
4 verbose run-script [ 'preserver', 'server', 'postserver' ]
5 info lifecycle angular2-seed@1.0.0~preserver: angular2-seed@1.0.0
6 silly lifecycle angular2-seed@1.0.0~preserver: no script for preserver, continuing
7 info lifecycle angular2-seed@1.0.0~server: angular2-seed@1.0.0
8 verbose lifecycle angular2-seed@1.0.0~server: unsafe-perm in lifecycle true
9 verbose lifecycle angular2-seed@1.0.0~server: PATH: C:\Users\ki451\csc360-2017-2-tanyongs\node_modules\npm\bin\node-gyp-bin;C:\Users\ki451\csc360-2017-2-tanyongs\Money_Converter\node_modules\.bin;C:\Users\ki451\csc360-2017-2-tanyongs\node_modules\npm\bin\node-gyp-bin;C:\Users\ki451\csc360-2017-2-tanyongs\Money_Converter\node_modules\.bin;C:\Program Files\Java\jdk1.8.0_91\bin;C:\ProgramData\Oracle\Java\javapath;C:\Program Files (x86)\Intel\iCLS Client\;C:\Program Files\Intel\iCLS Client\;C:\WINDOWS\system32;C:\WINDOWS;C:\WINDOWS\System32\Wbem;C:\WINDOWS\System32\WindowsPowerShell\v1.0\;c:\Program Files\Intel\IntelSGXPSW\bin\x64\Release\;c:\Program Files\Intel\IntelSGXPSW\bin\win32\Release\;C:\Program Files (x86)\Intel\Intel(R) Management Engine Components\DAL;C:\Program Files\Intel\Intel(R) Management Engine Components\DAL;C:\Program Files (x86)\Intel\Intel(R) Management Engine Components\IPT;C:\Program Files\Intel\Intel(R) Management Engine Components\IPT;C:\Program Files\Intel\WiFi\bin\;C:\Program Files\Common Files\Intel\WirelessCommon\;C:\Program Files\Git\cmd;C:\Program Files (x86)\sbt\bin;C:\Users\ki451\Downloads\sisc-1.16.6\sisc-1.16.6;C:\Users\ki451\csc360-2017-2-tanyongs\;C:\GNAT\2016\bin;C:\Users\ki451\AppData\Local\Microsoft\WindowsApps;C:\Users\ki451\AppData\Roaming\npm;C:\Program Files (x86)\Microsoft VS Code\bin
10 verbose lifecycle angular2-seed@1.0.0~server: CWD: C:\Users\ki451\csc360-2017-2-tanyongs\Money_Converter
11 silly lifecycle angular2-seed@1.0.0~server: Args: [ '/d /s /c',
11 silly lifecycle   'webpack-dev-server --inline --progress --port 3000 --content-base src' ]
12 silly lifecycle angular2-seed@1.0.0~server: Returned: code: 3221225786  signal: null
13 info lifecycle angular2-seed@1.0.0~server: Failed to exec server script
14 verbose stack Error: angular2-seed@1.0.0 server: `webpack-dev-server --inline --progress --port 3000 --content-base src`
14 verbose stack Exit status 3221225786
14 verbose stack     at EventEmitter.<anonymous> (C:\Users\ki451\csc360-2017-2-tanyongs\node_modules\npm\lib\utils\lifecycle.js:255:16)
14 verbose stack     at emitTwo (events.js:106:13)
14 verbose stack     at EventEmitter.emit (events.js:191:7)
14 verbose stack     at ChildProcess.<anonymous> (C:\Users\ki451\csc360-2017-2-tanyongs\node_modules\npm\lib\utils\spawn.js:40:14)
14 verbose stack     at emitTwo (events.js:106:13)
14 verbose stack     at ChildProcess.emit (events.js:191:7)
14 verbose stack     at maybeClose (internal/child_process.js:877:16)
14 verbose stack     at Process.ChildProcess._handle.onexit (internal/child_process.js:226:5)
15 verbose pkgid angular2-seed@1.0.0
16 verbose cwd C:\Users\ki451\csc360-2017-2-tanyongs\Money_Converter
17 error Windows_NT 10.0.14393
18 error argv "C:\\Users\\ki451\\csc360-2017-2-tanyongs\\node.exe" "C:\\Users\\ki451\\csc360-2017-2-tanyongs\\node_modules\\npm\\bin\\npm-cli.js" "run" "server"
19 error node v6.9.5
20 error npm  v3.10.10
21 error code ELIFECYCLE
22 error angular2-seed@1.0.0 server: `webpack-dev-server --inline --progress --port 3000 --content-base src`
22 error Exit status 3221225786
23 error Failed at the angular2-seed@1.0.0 server script 'webpack-dev-server --inline --progress --port 3000 --content-base src'.
23 error Make sure you have the latest version of node.js and npm installed.
23 error If you do, this is most likely a problem with the angular2-seed package,
23 error not with npm itself.
23 error Tell the author that this fails on your system:
23 error     webpack-dev-server --inline --progress --port 3000 --content-base src
23 error You can get information on how to open an issue for this project with:
23 error     npm bugs angular2-seed
23 error Or if that isn't available, you can get their info via:
23 error     npm owner ls angular2-seed
23 error There is likely additional logging output above.
24 verbose exit [ 1, true ]
